<?xml version="1.0" encoding="UTF-8"?>
<!-- Generated by org.testng.reporters.JUnitReportReporter -->
<testsuite hostname="DESKTOP-OKEVB6D" failures="0" tests="1" name="framework.Sample" time="0.015" errors="0" timestamp="2022-04-05T16:36:55 IST" skipped="0">
  <testcase classname="framework.Sample" name="ashwini" time="0.015"/>
  <system-out/>
</testsuite> <!-- framework.Sample -->
