<?xml version="1.0" encoding="UTF-8"?>
<!-- Generated by org.testng.reporters.JUnitReportReporter -->
<testsuite hostname="DESKTOP-OKEVB6D" failures="0" tests="4" name="TestCases.LoginPageTest" time="25.703" errors="0" timestamp="2022-04-12T18:24:33 IST" skipped="0">
  <testcase classname="TestCases.LoginPageTest" name="loginZerodhaAccTest" time="12.650"/>
  <system-out/>
  <testcase classname="TestCases.LoginPageTest" name="verifyLoginPageTitleTest" time="6.454"/>
  <system-out>
    <![CDATA[Title=Kite - Zerodha's fast and elegant flagship trading platform]]>
  </system-out>
  <testcase classname="TestCases.LoginPageTest" name="verifyZerodhaLogoTest" time="3.471"/>
  <system-out/>
  <testcase classname="TestCases.LoginPageTest" name="verifyKiteLogoTest" time="3.128"/>
  <system-out>
    <![CDATA[Kite logoistrue]]>
  </system-out>
</testsuite> <!-- TestCases.LoginPageTest -->
