<?xml version="1.0" encoding="UTF-8"?>
<!-- Generated by org.testng.reporters.JUnitReportReporter -->
<testsuite hostname="DESKTOP-OKEVB6D" failures="0" tests="5" name="TestCases.PriorityTest1" time="0.039" errors="0" timestamp="2022-04-12T18:23:31 IST" skipped="0">
  <testcase classname="TestCases.PriorityTest1" name="method2" time="0.016"/>
  <system-out/>
  <testcase classname="TestCases.PriorityTest1" name="method5" time="0.003"/>
  <system-out/>
  <testcase classname="TestCases.PriorityTest1" name="method1" time="0.004"/>
  <system-out/>
  <testcase classname="TestCases.PriorityTest1" name="method4" time="0.005"/>
  <system-out/>
  <testcase classname="TestCases.PriorityTest1" name="method3" time="0.011"/>
  <system-out/>
</testsuite> <!-- TestCases.PriorityTest1 -->
